2023-03-10 17:25:22,498 [Worker-5: Loading available Gradle versions] INFO  o.e.b.c.i.u.g.PublishedGradleVersions - Gradle version information cache is out-of-date. Trying to update.
2023-03-10 17:25:23,730 [Worker-5: Loading available Gradle versions] INFO  o.e.b.c.i.u.g.PublishedGradleVersions - Updating Gradle version information cache failed. Using outdated cache.
2023-03-14 11:46:22,320 [Worker-3: Loading available Gradle versions] INFO  o.e.b.c.i.u.g.PublishedGradleVersions - Gradle version information cache is out-of-date. Trying to update.
2023-03-14 20:15:21,892 [Worker-3: Loading available Gradle versions] INFO  o.e.b.c.i.u.g.PublishedGradleVersions - Gradle version information cache is up-to-date. Trying to read.
2023-03-15 08:20:14,593 [Worker-3: Loading available Gradle versions] INFO  o.e.b.c.i.u.g.PublishedGradleVersions - Gradle version information cache is up-to-date. Trying to read.
2023-03-15 20:48:56,660 [Worker-2: Loading available Gradle versions] INFO  o.e.b.c.i.u.g.PublishedGradleVersions - Gradle version information cache is out-of-date. Trying to update.
2023-03-16 14:41:06,167 [Worker-2: Loading available Gradle versions] INFO  o.e.b.c.i.u.g.PublishedGradleVersions - Gradle version information cache is up-to-date. Trying to read.
2023-03-16 22:08:25,103 [Worker-1: Loading available Gradle versions] INFO  o.e.b.c.i.u.g.PublishedGradleVersions - Gradle version information cache is out-of-date. Trying to update.
2023-03-17 08:26:21,474 [Worker-5: Loading available Gradle versions] INFO  o.e.b.c.i.u.g.PublishedGradleVersions - Gradle version information cache is up-to-date. Trying to read.
2023-03-18 11:01:07,163 [Worker-12: Loading available Gradle versions] INFO  o.e.b.c.i.u.g.PublishedGradleVersions - Gradle version information cache is up-to-date. Trying to read.
2023-03-18 19:33:03,528 [Worker-2: Loading available Gradle versions] INFO  o.e.b.c.i.u.g.PublishedGradleVersions - Gradle version information cache is up-to-date. Trying to read.
2023-03-20 11:34:03,849 [Worker-5: Loading available Gradle versions] INFO  o.e.b.c.i.u.g.PublishedGradleVersions - Gradle version information cache is out-of-date. Trying to update.
2023-03-20 18:29:33,809 [Worker-3: Loading available Gradle versions] INFO  o.e.b.c.i.u.g.PublishedGradleVersions - Gradle version information cache is up-to-date. Trying to read.
2023-03-20 22:14:38,949 [Worker-4: Loading available Gradle versions] INFO  o.e.b.c.i.u.g.PublishedGradleVersions - Gradle version information cache is up-to-date. Trying to read.
2023-03-21 06:04:08,407 [Worker-0: Loading available Gradle versions] INFO  o.e.b.c.i.u.g.PublishedGradleVersions - Gradle version information cache is up-to-date. Trying to read.
2023-03-21 20:43:03,851 [Worker-3: Loading available Gradle versions] INFO  o.e.b.c.i.u.g.PublishedGradleVersions - Gradle version information cache is out-of-date. Trying to update.
2023-03-22 10:38:52,010 [Worker-4: Loading available Gradle versions] INFO  o.e.b.c.i.u.g.PublishedGradleVersions - Gradle version information cache is up-to-date. Trying to read.
2023-03-22 15:32:06,130 [Worker-3: Loading available Gradle versions] INFO  o.e.b.c.i.u.g.PublishedGradleVersions - Gradle version information cache is up-to-date. Trying to read.
2023-03-22 16:02:05,540 [Worker-6: Loading available Gradle versions] INFO  o.e.b.c.i.u.g.PublishedGradleVersions - Gradle version information cache is up-to-date. Trying to read.
2023-03-23 07:36:58,251 [Worker-3: Loading available Gradle versions] INFO  o.e.b.c.i.u.g.PublishedGradleVersions - Gradle version information cache is out-of-date. Trying to update.
2023-03-23 13:05:37,414 [Worker-2: Loading available Gradle versions] INFO  o.e.b.c.i.u.g.PublishedGradleVersions - Gradle version information cache is up-to-date. Trying to read.
2023-03-24 10:49:52,973 [Worker-4: Loading available Gradle versions] INFO  o.e.b.c.i.u.g.PublishedGradleVersions - Gradle version information cache is out-of-date. Trying to update.
2023-03-24 16:34:59,086 [Worker-1: Loading available Gradle versions] INFO  o.e.b.c.i.u.g.PublishedGradleVersions - Gradle version information cache is up-to-date. Trying to read.
2023-03-25 19:21:24,411 [Worker-4: Loading available Gradle versions] INFO  o.e.b.c.i.u.g.PublishedGradleVersions - Gradle version information cache is out-of-date. Trying to update.
2023-03-28 16:03:45,132 [Worker-11: Loading available Gradle versions] INFO  o.e.b.c.i.u.g.PublishedGradleVersions - Gradle version information cache is out-of-date. Trying to update.
2023-03-29 10:28:18,124 [Worker-2: Loading available Gradle versions] INFO  o.e.b.c.i.u.g.PublishedGradleVersions - Gradle version information cache is up-to-date. Trying to read.
2023-03-29 10:33:11,382 [Worker-1: Loading available Gradle versions] INFO  o.e.b.c.i.u.g.PublishedGradleVersions - Gradle version information cache is up-to-date. Trying to read.
2023-03-29 15:46:55,578 [Worker-1: Loading available Gradle versions] INFO  o.e.b.c.i.u.g.PublishedGradleVersions - Gradle version information cache is up-to-date. Trying to read.
2023-03-31 23:39:21,464 [Worker-1: Loading available Gradle versions] INFO  o.e.b.c.i.u.g.PublishedGradleVersions - Gradle version information cache is up-to-date. Trying to read.
2023-04-01 12:50:14,065 [Worker-2: Loading available Gradle versions] INFO  o.e.b.c.i.u.g.PublishedGradleVersions - Gradle version information cache is up-to-date. Trying to read.
2023-04-01 13:05:01,992 [Worker-2: Loading available Gradle versions] INFO  o.e.b.c.i.u.g.PublishedGradleVersions - Gradle version information cache is up-to-date. Trying to read.
2023-04-03 12:06:36,694 [Worker-4: Loading available Gradle versions] INFO  o.e.b.c.i.u.g.PublishedGradleVersions - Gradle version information cache is out-of-date. Trying to update.
2023-04-03 22:51:00,616 [Worker-3: Loading available Gradle versions] INFO  o.e.b.c.i.u.g.PublishedGradleVersions - Gradle version information cache is up-to-date. Trying to read.
2023-04-04 20:10:27,109 [Worker-2: Loading available Gradle versions] INFO  o.e.b.c.i.u.g.PublishedGradleVersions - Gradle version information cache is out-of-date. Trying to update.
2023-04-05 15:26:34,003 [Worker-2: Loading available Gradle versions] INFO  o.e.b.c.i.u.g.PublishedGradleVersions - Gradle version information cache is up-to-date. Trying to read.
2023-04-06 08:35:35,894 [ModalContext] INFO  o.e.m.c.i.e.AbstractTransferListenerAdapter - Downloading https://repo.maven.apache.org/maven2/org/apache/maven/archetypes/maven-archetype-quickstart/1.4/maven-archetype-quickstart-1.4.pom
2023-04-06 08:35:36,138 [ModalContext] INFO  o.e.m.c.i.e.AbstractTransferListenerAdapter - Downloaded https://repo.maven.apache.org/maven2/org/apache/maven/archetypes/maven-archetype-quickstart/1.4/maven-archetype-quickstart-1.4.pom
2023-04-06 08:35:36,200 [ModalContext] INFO  o.e.m.c.i.e.AbstractTransferListenerAdapter - Downloading https://repo.maven.apache.org/maven2/org/apache/maven/archetypes/maven-archetype-bundles/1.4/maven-archetype-bundles-1.4.pom
2023-04-06 08:35:36,253 [ModalContext] INFO  o.e.m.c.i.e.AbstractTransferListenerAdapter - Downloaded https://repo.maven.apache.org/maven2/org/apache/maven/archetypes/maven-archetype-bundles/1.4/maven-archetype-bundles-1.4.pom
2023-04-06 08:35:36,280 [ModalContext] INFO  o.e.m.c.i.e.AbstractTransferListenerAdapter - Downloading https://repo.maven.apache.org/maven2/org/apache/maven/maven-parent/33/maven-parent-33.pom
2023-04-06 08:35:36,338 [ModalContext] INFO  o.e.m.c.i.e.AbstractTransferListenerAdapter - Downloaded https://repo.maven.apache.org/maven2/org/apache/maven/maven-parent/33/maven-parent-33.pom
2023-04-06 08:35:36,430 [ModalContext] INFO  o.e.m.c.i.e.AbstractTransferListenerAdapter - Downloading https://repo.maven.apache.org/maven2/org/apache/maven/archetypes/maven-archetype-quickstart/1.4/maven-archetype-quickstart-1.4.jar
2023-04-06 08:35:36,555 [ModalContext] INFO  o.e.m.c.i.e.AbstractTransferListenerAdapter - Downloaded https://repo.maven.apache.org/maven2/org/apache/maven/archetypes/maven-archetype-quickstart/1.4/maven-archetype-quickstart-1.4.jar
2023-04-06 08:40:47,261 [Worker-23: Launching mavenrun-a6ef40a5-d84d-4b98-90e3-fd8bed8b2728] INFO  o.eclipse.m2e.core.internal.Bundles - getClasspathEntries(Bundle=org.eclipse.m2e.maven.runtime_3.8.604.20221130-2149 [606])
2023-04-06 08:40:47,356 [Worker-23: Launching mavenrun-a6ef40a5-d84d-4b98-90e3-fd8bed8b2728] INFO  o.eclipse.m2e.core.internal.Bundles - 	Entry: C:\ECLIPSE\eclipse\plugins\org.eclipse.m2e.maven.runtime_3.8.604.20221130-2149
2023-04-06 08:40:47,356 [Worker-23: Launching mavenrun-a6ef40a5-d84d-4b98-90e3-fd8bed8b2728] INFO  o.eclipse.m2e.core.internal.Bundles - 	Entry: C:\ECLIPSE\eclipse\plugins\org.eclipse.m2e.maven.runtime_3.8.604.20221130-2149\jars\aether-connector-okhttp-0.17.8.jar
2023-04-06 08:40:47,357 [Worker-23: Launching mavenrun-a6ef40a5-d84d-4b98-90e3-fd8bed8b2728] INFO  o.eclipse.m2e.core.internal.Bundles - 	Entry: C:\ECLIPSE\eclipse\plugins\org.eclipse.m2e.maven.runtime_3.8.604.20221130-2149\jars\commons-cli-1.4.jar
2023-04-06 08:40:47,357 [Worker-23: Launching mavenrun-a6ef40a5-d84d-4b98-90e3-fd8bed8b2728] INFO  o.eclipse.m2e.core.internal.Bundles - 	Entry: C:\ECLIPSE\eclipse\plugins\org.eclipse.m2e.maven.runtime_3.8.604.20221130-2149\jars\commons-io-2.6.jar
2023-04-06 08:40:47,358 [Worker-23: Launching mavenrun-a6ef40a5-d84d-4b98-90e3-fd8bed8b2728] INFO  o.eclipse.m2e.core.internal.Bundles - 	Entry: C:\ECLIPSE\eclipse\plugins\org.eclipse.m2e.maven.runtime_3.8.604.20221130-2149\jars\commons-lang3-3.8.1.jar
2023-04-06 08:40:47,358 [Worker-23: Launching mavenrun-a6ef40a5-d84d-4b98-90e3-fd8bed8b2728] INFO  o.eclipse.m2e.core.internal.Bundles - 	Entry: C:\ECLIPSE\eclipse\plugins\org.eclipse.m2e.maven.runtime_3.8.604.20221130-2149\jars\guice-4.2.2-no_aop.jar
2023-04-06 08:40:47,359 [Worker-23: Launching mavenrun-a6ef40a5-d84d-4b98-90e3-fd8bed8b2728] INFO  o.eclipse.m2e.core.internal.Bundles - 	Entry: C:\ECLIPSE\eclipse\plugins\org.eclipse.m2e.maven.runtime_3.8.604.20221130-2149\jars\jansi-2.4.0.jar
2023-04-06 08:40:47,359 [Worker-23: Launching mavenrun-a6ef40a5-d84d-4b98-90e3-fd8bed8b2728] INFO  o.eclipse.m2e.core.internal.Bundles - 	Entry: C:\ECLIPSE\eclipse\plugins\org.eclipse.m2e.maven.runtime_3.8.604.20221130-2149\jars\maven-artifact-3.8.6.jar
2023-04-06 08:40:47,360 [Worker-23: Launching mavenrun-a6ef40a5-d84d-4b98-90e3-fd8bed8b2728] INFO  o.eclipse.m2e.core.internal.Bundles - 	Entry: C:\ECLIPSE\eclipse\plugins\org.eclipse.m2e.maven.runtime_3.8.604.20221130-2149\jars\maven-builder-support-3.8.6.jar
2023-04-06 08:40:47,360 [Worker-23: Launching mavenrun-a6ef40a5-d84d-4b98-90e3-fd8bed8b2728] INFO  o.eclipse.m2e.core.internal.Bundles - 	Entry: C:\ECLIPSE\eclipse\plugins\org.eclipse.m2e.maven.runtime_3.8.604.20221130-2149\jars\maven-compat-3.8.6.jar
2023-04-06 08:40:47,361 [Worker-23: Launching mavenrun-a6ef40a5-d84d-4b98-90e3-fd8bed8b2728] INFO  o.eclipse.m2e.core.internal.Bundles - 	Entry: C:\ECLIPSE\eclipse\plugins\org.eclipse.m2e.maven.runtime_3.8.604.20221130-2149\jars\maven-core-3.8.6.jar
2023-04-06 08:40:47,361 [Worker-23: Launching mavenrun-a6ef40a5-d84d-4b98-90e3-fd8bed8b2728] INFO  o.eclipse.m2e.core.internal.Bundles - 	Entry: C:\ECLIPSE\eclipse\plugins\org.eclipse.m2e.maven.runtime_3.8.604.20221130-2149\jars\maven-embedder-3.8.6.jar
2023-04-06 08:40:47,362 [Worker-23: Launching mavenrun-a6ef40a5-d84d-4b98-90e3-fd8bed8b2728] INFO  o.eclipse.m2e.core.internal.Bundles - 	Entry: C:\ECLIPSE\eclipse\plugins\org.eclipse.m2e.maven.runtime_3.8.604.20221130-2149\jars\maven-model-3.8.6.jar
2023-04-06 08:40:47,362 [Worker-23: Launching mavenrun-a6ef40a5-d84d-4b98-90e3-fd8bed8b2728] INFO  o.eclipse.m2e.core.internal.Bundles - 	Entry: C:\ECLIPSE\eclipse\plugins\org.eclipse.m2e.maven.runtime_3.8.604.20221130-2149\jars\maven-model-builder-3.8.6.jar
2023-04-06 08:40:47,363 [Worker-23: Launching mavenrun-a6ef40a5-d84d-4b98-90e3-fd8bed8b2728] INFO  o.eclipse.m2e.core.internal.Bundles - 	Entry: C:\ECLIPSE\eclipse\plugins\org.eclipse.m2e.maven.runtime_3.8.604.20221130-2149\jars\maven-plugin-api-3.8.6.jar
2023-04-06 08:40:47,363 [Worker-23: Launching mavenrun-a6ef40a5-d84d-4b98-90e3-fd8bed8b2728] INFO  o.eclipse.m2e.core.internal.Bundles - 	Entry: C:\ECLIPSE\eclipse\plugins\org.eclipse.m2e.maven.runtime_3.8.604.20221130-2149\jars\maven-repository-metadata-3.8.6.jar
2023-04-06 08:40:47,364 [Worker-23: Launching mavenrun-a6ef40a5-d84d-4b98-90e3-fd8bed8b2728] INFO  o.eclipse.m2e.core.internal.Bundles - 	Entry: C:\ECLIPSE\eclipse\plugins\org.eclipse.m2e.maven.runtime_3.8.604.20221130-2149\jars\maven-resolver-api-1.6.3.jar
2023-04-06 08:40:47,364 [Worker-23: Launching mavenrun-a6ef40a5-d84d-4b98-90e3-fd8bed8b2728] INFO  o.eclipse.m2e.core.internal.Bundles - 	Entry: C:\ECLIPSE\eclipse\plugins\org.eclipse.m2e.maven.runtime_3.8.604.20221130-2149\jars\maven-resolver-connector-basic-1.6.3.jar
2023-04-06 08:40:47,364 [Worker-23: Launching mavenrun-a6ef40a5-d84d-4b98-90e3-fd8bed8b2728] INFO  o.eclipse.m2e.core.internal.Bundles - 	Entry: C:\ECLIPSE\eclipse\plugins\org.eclipse.m2e.maven.runtime_3.8.604.20221130-2149\jars\maven-resolver-impl-1.6.3.jar
2023-04-06 08:40:47,365 [Worker-23: Launching mavenrun-a6ef40a5-d84d-4b98-90e3-fd8bed8b2728] INFO  o.eclipse.m2e.core.internal.Bundles - 	Entry: C:\ECLIPSE\eclipse\plugins\org.eclipse.m2e.maven.runtime_3.8.604.20221130-2149\jars\maven-resolver-provider-3.8.6.jar
2023-04-06 08:40:47,365 [Worker-23: Launching mavenrun-a6ef40a5-d84d-4b98-90e3-fd8bed8b2728] INFO  o.eclipse.m2e.core.internal.Bundles - 	Entry: C:\ECLIPSE\eclipse\plugins\org.eclipse.m2e.maven.runtime_3.8.604.20221130-2149\jars\maven-resolver-spi-1.6.3.jar
2023-04-06 08:40:47,366 [Worker-23: Launching mavenrun-a6ef40a5-d84d-4b98-90e3-fd8bed8b2728] INFO  o.eclipse.m2e.core.internal.Bundles - 	Entry: C:\ECLIPSE\eclipse\plugins\org.eclipse.m2e.maven.runtime_3.8.604.20221130-2149\jars\maven-resolver-transport-wagon-1.6.3.jar
2023-04-06 08:40:47,367 [Worker-23: Launching mavenrun-a6ef40a5-d84d-4b98-90e3-fd8bed8b2728] INFO  o.eclipse.m2e.core.internal.Bundles - 	Entry: C:\ECLIPSE\eclipse\plugins\org.eclipse.m2e.maven.runtime_3.8.604.20221130-2149\jars\maven-resolver-util-1.6.3.jar
2023-04-06 08:40:47,367 [Worker-23: Launching mavenrun-a6ef40a5-d84d-4b98-90e3-fd8bed8b2728] INFO  o.eclipse.m2e.core.internal.Bundles - 	Entry: C:\ECLIPSE\eclipse\plugins\org.eclipse.m2e.maven.runtime_3.8.604.20221130-2149\jars\maven-settings-3.8.6.jar
2023-04-06 08:40:47,368 [Worker-23: Launching mavenrun-a6ef40a5-d84d-4b98-90e3-fd8bed8b2728] INFO  o.eclipse.m2e.core.internal.Bundles - 	Entry: C:\ECLIPSE\eclipse\plugins\org.eclipse.m2e.maven.runtime_3.8.604.20221130-2149\jars\maven-settings-builder-3.8.6.jar
2023-04-06 08:40:47,368 [Worker-23: Launching mavenrun-a6ef40a5-d84d-4b98-90e3-fd8bed8b2728] INFO  o.eclipse.m2e.core.internal.Bundles - 	Entry: C:\ECLIPSE\eclipse\plugins\org.eclipse.m2e.maven.runtime_3.8.604.20221130-2149\jars\maven-shared-utils-3.3.4.jar
2023-04-06 08:40:47,370 [Worker-23: Launching mavenrun-a6ef40a5-d84d-4b98-90e3-fd8bed8b2728] INFO  o.eclipse.m2e.core.internal.Bundles - 	Entry: C:\ECLIPSE\eclipse\plugins\org.eclipse.m2e.maven.runtime_3.8.604.20221130-2149\jars\okhttp-3.14.1.jar
2023-04-06 08:40:47,371 [Worker-23: Launching mavenrun-a6ef40a5-d84d-4b98-90e3-fd8bed8b2728] INFO  o.eclipse.m2e.core.internal.Bundles - 	Entry: C:\ECLIPSE\eclipse\plugins\org.eclipse.m2e.maven.runtime_3.8.604.20221130-2149\jars\okio-1.17.3.jar
2023-04-06 08:40:47,371 [Worker-23: Launching mavenrun-a6ef40a5-d84d-4b98-90e3-fd8bed8b2728] INFO  o.eclipse.m2e.core.internal.Bundles - 	Entry: C:\ECLIPSE\eclipse\plugins\org.eclipse.m2e.maven.runtime_3.8.604.20221130-2149\jars\org.eclipse.sisu.inject-0.3.5.jar
2023-04-06 08:40:47,372 [Worker-23: Launching mavenrun-a6ef40a5-d84d-4b98-90e3-fd8bed8b2728] INFO  o.eclipse.m2e.core.internal.Bundles - 	Entry: C:\ECLIPSE\eclipse\plugins\org.eclipse.m2e.maven.runtime_3.8.604.20221130-2149\jars\org.eclipse.sisu.plexus-0.3.5.jar
2023-04-06 08:40:47,372 [Worker-23: Launching mavenrun-a6ef40a5-d84d-4b98-90e3-fd8bed8b2728] INFO  o.eclipse.m2e.core.internal.Bundles - 	Entry: C:\ECLIPSE\eclipse\plugins\org.eclipse.m2e.maven.runtime_3.8.604.20221130-2149\jars\plexus-build-api-0.0.7.jar
2023-04-06 08:40:47,372 [Worker-23: Launching mavenrun-a6ef40a5-d84d-4b98-90e3-fd8bed8b2728] INFO  o.eclipse.m2e.core.internal.Bundles - 	Entry: C:\ECLIPSE\eclipse\plugins\org.eclipse.m2e.maven.runtime_3.8.604.20221130-2149\jars\plexus-cipher-2.0.jar
2023-04-06 08:40:47,372 [Worker-23: Launching mavenrun-a6ef40a5-d84d-4b98-90e3-fd8bed8b2728] INFO  o.eclipse.m2e.core.internal.Bundles - 	Entry: C:\ECLIPSE\eclipse\plugins\org.eclipse.m2e.maven.runtime_3.8.604.20221130-2149\jars\plexus-classworlds-2.6.0.jar
2023-04-06 08:40:47,373 [Worker-23: Launching mavenrun-a6ef40a5-d84d-4b98-90e3-fd8bed8b2728] INFO  o.eclipse.m2e.core.internal.Bundles - 	Entry: C:\ECLIPSE\eclipse\plugins\org.eclipse.m2e.maven.runtime_3.8.604.20221130-2149\jars\plexus-component-annotations-2.1.0.jar
2023-04-06 08:40:47,373 [Worker-23: Launching mavenrun-a6ef40a5-d84d-4b98-90e3-fd8bed8b2728] INFO  o.eclipse.m2e.core.internal.Bundles - 	Entry: C:\ECLIPSE\eclipse\plugins\org.eclipse.m2e.maven.runtime_3.8.604.20221130-2149\jars\plexus-interpolation-1.26.jar
2023-04-06 08:40:47,374 [Worker-23: Launching mavenrun-a6ef40a5-d84d-4b98-90e3-fd8bed8b2728] INFO  o.eclipse.m2e.core.internal.Bundles - 	Entry: C:\ECLIPSE\eclipse\plugins\org.eclipse.m2e.maven.runtime_3.8.604.20221130-2149\jars\plexus-sec-dispatcher-2.0.jar
2023-04-06 08:40:47,374 [Worker-23: Launching mavenrun-a6ef40a5-d84d-4b98-90e3-fd8bed8b2728] INFO  o.eclipse.m2e.core.internal.Bundles - 	Entry: C:\ECLIPSE\eclipse\plugins\org.eclipse.m2e.maven.runtime_3.8.604.20221130-2149\jars\plexus-utils-3.3.1.jar
2023-04-06 08:40:47,374 [Worker-23: Launching mavenrun-a6ef40a5-d84d-4b98-90e3-fd8bed8b2728] INFO  o.eclipse.m2e.core.internal.Bundles - 	Entry: C:\ECLIPSE\eclipse\plugins\org.eclipse.m2e.maven.runtime_3.8.604.20221130-2149\jars\wagon-file-3.5.1.jar
2023-04-06 08:40:47,374 [Worker-23: Launching mavenrun-a6ef40a5-d84d-4b98-90e3-fd8bed8b2728] INFO  o.eclipse.m2e.core.internal.Bundles - 	Entry: C:\ECLIPSE\eclipse\plugins\org.eclipse.m2e.maven.runtime_3.8.604.20221130-2149\jars\wagon-provider-api-3.5.1.jar
2023-04-06 08:40:47,376 [Worker-23: Launching mavenrun-a6ef40a5-d84d-4b98-90e3-fd8bed8b2728] INFO  o.eclipse.m2e.core.internal.Bundles - getClasspathEntries(Bundle=com.google.guava_30.1.0.v20221112-0806 [10])
2023-04-06 08:40:47,417 [Worker-23: Launching mavenrun-a6ef40a5-d84d-4b98-90e3-fd8bed8b2728] INFO  o.eclipse.m2e.core.internal.Bundles - 	Entry: C:\ECLIPSE\eclipse\plugins\com.google.guava_30.1.0.v20221112-0806.jar
2023-04-06 08:40:47,418 [Worker-23: Launching mavenrun-a6ef40a5-d84d-4b98-90e3-fd8bed8b2728] INFO  o.eclipse.m2e.core.internal.Bundles - getClasspathEntries(Bundle=slf4j.api_1.7.36 [918])
2023-04-06 08:40:47,767 [Worker-23: Launching mavenrun-a6ef40a5-d84d-4b98-90e3-fd8bed8b2728] INFO  o.eclipse.m2e.core.internal.Bundles - 	Entry: C:\ECLIPSE\eclipse\plugins\slf4j.api_1.7.36.jar
2023-04-06 08:40:47,767 [Worker-23: Launching mavenrun-a6ef40a5-d84d-4b98-90e3-fd8bed8b2728] INFO  o.eclipse.m2e.core.internal.Bundles - getClasspathEntries(Bundle=javax.inject_1.0.0.v20220405-0441 [32])
2023-04-06 08:40:48,000 [Worker-23: Launching mavenrun-a6ef40a5-d84d-4b98-90e3-fd8bed8b2728] INFO  o.eclipse.m2e.core.internal.Bundles - 	Entry: C:\ECLIPSE\eclipse\plugins\javax.inject_1.0.0.v20220405-0441.jar
2023-04-06 08:40:48,001 [Worker-23: Launching mavenrun-a6ef40a5-d84d-4b98-90e3-fd8bed8b2728] INFO  o.eclipse.m2e.core.internal.Bundles - getClasspathEntries(Bundle=javax.annotation_1.3.5.v20221112-0806 [30])
2023-04-06 08:40:48,343 [Worker-23: Launching mavenrun-a6ef40a5-d84d-4b98-90e3-fd8bed8b2728] INFO  o.eclipse.m2e.core.internal.Bundles - 	Entry: C:\ECLIPSE\eclipse\plugins\javax.annotation_1.3.5.v20221112-0806.jar
2023-04-06 08:40:48,352 [Worker-23: Launching mavenrun-a6ef40a5-d84d-4b98-90e3-fd8bed8b2728] INFO  o.e.m.i.launch.MavenLaunchDelegate - Run build in "C:\Users\Girish\AppData\Local\Temp\m2e-archetypeGenerator5297707609486744492":
2023-04-06 08:40:48,353 [Worker-23: Launching mavenrun-a6ef40a5-d84d-4b98-90e3-fd8bed8b2728] INFO  o.e.m.i.launch.MavenLaunchDelegate -  mvn  -DarchetypeGroupId=org.apache.maven.archetypes -DarchetypeArtifactId=maven-archetype-quickstart -DarchetypeVersion=1.4 -DgroupId=com.sgtesting.tests -DartifactId=DemoProject -Dversion=0.0.1-SNAPSHOT -Dpackage=com.sgtesting.tests -DoutputDirectory=C:\ExampleString\StringClass -Dstyle.color=always -U archetype:generate
2023-04-06 08:43:05,316 [Worker-26: Creating maven-archetype-quickstart] INFO  o.e.m.c.i.p.ProjectConfigurationManager - Collecting project info '/pom.xml' C:\ExampleString\StringClass\DemoProject\pom.xml
2023-04-06 08:43:08,131 [Worker-26: Creating maven-archetype-quickstart] INFO  o.e.m.c.i.e.AbstractTransferListenerAdapter - Downloading https://repo.maven.apache.org/maven2/org/apache/maven/plugins/maven-surefire-plugin/2.22.1/maven-surefire-plugin-2.22.1.jar
2023-04-06 08:43:08,331 [Worker-26: Creating maven-archetype-quickstart] INFO  o.e.m.c.i.e.AbstractTransferListenerAdapter - Downloaded https://repo.maven.apache.org/maven2/org/apache/maven/plugins/maven-surefire-plugin/2.22.1/maven-surefire-plugin-2.22.1.jar
2023-04-06 08:43:12,455 [Worker-26: Creating maven-archetype-quickstart] INFO  o.e.m.c.i.l.LifecycleMappingFactory - Using org.eclipse.m2e.jdt.JarLifecycleMapping lifecycle mapping for MavenProject: com.sgtesting.tests:DemoProject:0.0.1-SNAPSHOT @ C:\ExampleString\StringClass\DemoProject\pom.xml.
2023-04-06 08:43:12,651 [Worker-26: Creating maven-archetype-quickstart] INFO  o.e.m.c.i.e.AbstractTransferListenerAdapter - Downloading https://repo.maven.apache.org/maven2/org/apache/maven/plugins/maven-surefire-plugin/2.22.1/maven-surefire-plugin-2.22.1.pom
2023-04-06 08:43:12,720 [Worker-26: Creating maven-archetype-quickstart] INFO  o.e.m.c.i.e.AbstractTransferListenerAdapter - Downloaded https://repo.maven.apache.org/maven2/org/apache/maven/plugins/maven-surefire-plugin/2.22.1/maven-surefire-plugin-2.22.1.pom
2023-04-06 08:43:12,747 [Worker-26: Creating maven-archetype-quickstart] INFO  o.e.m.c.i.e.AbstractTransferListenerAdapter - Downloading https://repo.maven.apache.org/maven2/org/apache/maven/surefire/surefire/2.22.1/surefire-2.22.1.pom
2023-04-06 08:43:12,843 [Worker-26: Creating maven-archetype-quickstart] INFO  o.e.m.c.i.e.AbstractTransferListenerAdapter - Downloaded https://repo.maven.apache.org/maven2/org/apache/maven/surefire/surefire/2.22.1/surefire-2.22.1.pom
2023-04-06 08:43:16,016 [Worker-26: Creating maven-archetype-quickstart] INFO  o.e.m.j.i.AbstractJavaProjectConfigurator - Adding source folder /DemoProject/src/main/java
2023-04-06 08:43:16,038 [Worker-26: Creating maven-archetype-quickstart] INFO  o.e.m.j.i.AbstractJavaProjectConfigurator - Adding source folder /DemoProject/src/test/java
2023-04-06 08:43:16,713 [Worker-26: Creating maven-archetype-quickstart] INFO  o.e.m.c.i.p.ProjectConfigurationManager - Imported and configured 1 project(s) in 11 sec
2023-04-06 08:43:17,073 [Worker-26: Building] INFO  o.e.m.c.i.embedder.EclipseLogger - Using 'UTF-8' encoding to copy filtered resources.
2023-04-06 08:43:17,074 [Worker-26: Building] INFO  o.e.m.c.i.embedder.EclipseLogger - skip non existing resourceDirectory C:\ExampleString\StringClass\DemoProject\src\main\resources
2023-04-06 08:43:17,079 [Worker-26: Building] INFO  o.e.m.c.i.embedder.EclipseLogger - Using 'UTF-8' encoding to copy filtered resources.
2023-04-06 08:43:17,079 [Worker-26: Building] INFO  o.e.m.c.i.embedder.EclipseLogger - skip non existing resourceDirectory C:\ExampleString\StringClass\DemoProject\src\test\resources
2023-04-06 09:01:26,783 [Worker-37: Building] INFO  o.e.m.c.i.embedder.EclipseLogger - Using 'UTF-8' encoding to copy filtered resources.
2023-04-06 09:01:26,784 [Worker-37: Building] INFO  o.e.m.c.i.embedder.EclipseLogger - skip non existing resourceDirectory C:\ExampleString\StringClass\DemoProject\src\main\resources
2023-04-06 09:01:26,787 [Worker-37: Building] INFO  o.e.m.c.i.embedder.EclipseLogger - Using 'UTF-8' encoding to copy filtered resources.
2023-04-06 09:01:26,787 [Worker-37: Building] INFO  o.e.m.c.i.embedder.EclipseLogger - skip non existing resourceDirectory C:\ExampleString\StringClass\DemoProject\src\test\resources
2023-04-06 09:02:47,870 [Worker-37: Building] INFO  o.e.m.c.i.embedder.EclipseLogger - Using 'UTF-8' encoding to copy filtered resources.
2023-04-06 09:02:47,871 [Worker-37: Building] INFO  o.e.m.c.i.embedder.EclipseLogger - skip non existing resourceDirectory C:\ExampleString\StringClass\DemoProject\src\main\resources
2023-04-06 09:02:47,875 [Worker-37: Building] INFO  o.e.m.c.i.embedder.EclipseLogger - Using 'UTF-8' encoding to copy filtered resources.
2023-04-06 09:02:47,875 [Worker-37: Building] INFO  o.e.m.c.i.embedder.EclipseLogger - skip non existing resourceDirectory C:\ExampleString\StringClass\DemoProject\src\test\resources
2023-04-06 09:08:58,920 [Worker-37: Building] INFO  o.e.m.c.i.embedder.EclipseLogger - Using 'UTF-8' encoding to copy filtered resources.
2023-04-06 09:08:58,921 [Worker-37: Building] INFO  o.e.m.c.i.embedder.EclipseLogger - skip non existing resourceDirectory C:\ExampleString\StringClass\DemoProject\src\main\resources
2023-04-06 09:08:58,925 [Worker-37: Building] INFO  o.e.m.c.i.embedder.EclipseLogger - Using 'UTF-8' encoding to copy filtered resources.
2023-04-06 09:08:58,926 [Worker-37: Building] INFO  o.e.m.c.i.embedder.EclipseLogger - skip non existing resourceDirectory C:\ExampleString\StringClass\DemoProject\src\test\resources
2023-04-06 09:11:57,623 [Worker-37: Building] INFO  o.e.m.c.i.embedder.EclipseLogger - Using 'UTF-8' encoding to copy filtered resources.
2023-04-06 09:11:57,623 [Worker-37: Building] INFO  o.e.m.c.i.embedder.EclipseLogger - skip non existing resourceDirectory C:\ExampleString\StringClass\DemoProject\src\main\resources
2023-04-06 09:11:57,628 [Worker-37: Building] INFO  o.e.m.c.i.embedder.EclipseLogger - Using 'UTF-8' encoding to copy filtered resources.
2023-04-06 09:11:57,628 [Worker-37: Building] INFO  o.e.m.c.i.embedder.EclipseLogger - skip non existing resourceDirectory C:\ExampleString\StringClass\DemoProject\src\test\resources
2023-04-06 09:13:08,327 [Worker-33: Launching Users] INFO  o.e.m.c.i.l.LifecycleMappingFactory - Using org.eclipse.m2e.jdt.JarLifecycleMapping lifecycle mapping for MavenProject: com.sgtesting.tests:DemoProject:0.0.1-SNAPSHOT @ C:\ExampleString\StringClass\DemoProject\pom.xml.
2023-04-06 09:13:08,734 [Worker-33: Launching Users] INFO  o.e.m.c.i.embedder.EclipseLogger - Using 'UTF-8' encoding to copy filtered resources.
2023-04-06 09:13:08,735 [Worker-33: Launching Users] INFO  o.e.m.c.i.embedder.EclipseLogger - skip non existing resourceDirectory C:\ExampleString\StringClass\DemoProject\src\main\resources
2023-04-06 09:13:08,740 [Worker-33: Launching Users] INFO  o.e.m.c.i.embedder.EclipseLogger - Using 'UTF-8' encoding to copy filtered resources.
2023-04-06 09:13:08,741 [Worker-33: Launching Users] INFO  o.e.m.c.i.embedder.EclipseLogger - skip non existing resourceDirectory C:\ExampleString\StringClass\DemoProject\src\test\resources
2023-04-06 09:19:33,703 [Worker-42: Launching DemoProject_testing.xml] INFO  o.e.m.c.i.embedder.EclipseLogger - Using 'UTF-8' encoding to copy filtered resources.
2023-04-06 09:19:33,704 [Worker-42: Launching DemoProject_testing.xml] INFO  o.e.m.c.i.embedder.EclipseLogger - skip non existing resourceDirectory C:\ExampleString\StringClass\DemoProject\src\main\resources
2023-04-06 09:19:33,707 [Worker-42: Launching DemoProject_testing.xml] INFO  o.e.m.c.i.embedder.EclipseLogger - Using 'UTF-8' encoding to copy filtered resources.
2023-04-06 09:19:33,708 [Worker-42: Launching DemoProject_testing.xml] INFO  o.e.m.c.i.embedder.EclipseLogger - skip non existing resourceDirectory C:\ExampleString\StringClass\DemoProject\src\test\resources
2023-04-06 09:30:43,543 [main] INFO  o.e.m2e.actions.ExecutePomAction - Creating new launch configuration
2023-04-06 09:31:47,218 [Worker-47: Launching DemoProject] INFO  o.e.m.i.launch.MavenLaunchDelegate - Run build in "C:\ExampleString\StringClass\DemoProject":
2023-04-06 09:31:47,219 [Worker-47: Launching DemoProject] INFO  o.e.m.i.launch.MavenLaunchDelegate -  mvn  -B -Dstyle.color=always clean install
2023-04-06 09:31:48,190 [Worker-49: Building] INFO  o.e.m.c.i.l.LifecycleMappingFactory - Using org.eclipse.m2e.jdt.JarLifecycleMapping lifecycle mapping for MavenProject: com.sgtesting.tests:DemoProject:0.0.1-SNAPSHOT @ C:\ExampleString\StringClass\DemoProject\pom.xml.
2023-04-06 09:31:48,403 [Worker-49: Building] INFO  o.e.m.c.i.embedder.EclipseLogger - Using 'UTF-8' encoding to copy filtered resources.
2023-04-06 09:31:48,404 [Worker-49: Building] INFO  o.e.m.c.i.embedder.EclipseLogger - skip non existing resourceDirectory C:\ExampleString\StringClass\DemoProject\src\main\resources
2023-04-06 09:31:48,410 [Worker-49: Building] INFO  o.e.m.c.i.embedder.EclipseLogger - Using 'UTF-8' encoding to copy filtered resources.
2023-04-06 09:31:48,410 [Worker-49: Building] INFO  o.e.m.c.i.embedder.EclipseLogger - skip non existing resourceDirectory C:\ExampleString\StringClass\DemoProject\src\test\resources
2023-04-06 09:32:37,583 [main] INFO  o.e.m2e.actions.ExecutePomAction - Creating new launch configuration
2023-04-06 09:33:02,569 [Worker-48: Launching DemoProject (1)] INFO  o.e.m.i.launch.MavenLaunchDelegate - Run build in "C:\ExampleString\StringClass\DemoProject":
2023-04-06 09:33:02,570 [Worker-48: Launching DemoProject (1)] INFO  o.e.m.i.launch.MavenLaunchDelegate -  mvn  -B -Dstyle.color=always clean install
2023-04-06 09:36:21,935 [main] INFO  o.e.m2e.actions.ExecutePomAction - Creating new launch configuration
2023-04-06 09:36:34,880 [Worker-48: Launching DemoProject (2)] INFO  o.e.m.i.launch.MavenLaunchDelegate - Run build in "C:\ExampleString\StringClass\DemoProject":
2023-04-06 09:36:34,881 [Worker-48: Launching DemoProject (2)] INFO  o.e.m.i.launch.MavenLaunchDelegate -  mvn  -B -Dstyle.color=always clean install
2023-04-06 09:39:21,445 [main] INFO  o.e.m2e.actions.ExecutePomAction - Creating new launch configuration
2023-04-06 09:39:36,644 [Worker-48: Launching DemoProject (3)] INFO  o.e.m.i.launch.MavenLaunchDelegate - Run build in "C:\ExampleString\StringClass\DemoProject":
2023-04-06 09:39:36,644 [Worker-48: Launching DemoProject (3)] INFO  o.e.m.i.launch.MavenLaunchDelegate -  mvn  -B -Dstyle.color=always clean install
2023-04-06 09:39:37,320 [Worker-51: Building] INFO  o.e.m.c.i.l.LifecycleMappingFactory - Using org.eclipse.m2e.jdt.JarLifecycleMapping lifecycle mapping for MavenProject: com.sgtesting.tests:DemoProject:0.0.1-SNAPSHOT @ C:\ExampleString\StringClass\DemoProject\pom.xml.
2023-04-06 09:39:38,050 [Worker-51: Building] INFO  o.e.m.c.i.embedder.EclipseLogger - Using 'UTF-8' encoding to copy filtered resources.
2023-04-06 09:39:38,051 [Worker-51: Building] INFO  o.e.m.c.i.embedder.EclipseLogger - skip non existing resourceDirectory C:\ExampleString\StringClass\DemoProject\src\main\resources
2023-04-06 09:39:38,055 [Worker-51: Building] INFO  o.e.m.c.i.embedder.EclipseLogger - Using 'UTF-8' encoding to copy filtered resources.
2023-04-06 09:39:38,055 [Worker-51: Building] INFO  o.e.m.c.i.embedder.EclipseLogger - skip non existing resourceDirectory C:\ExampleString\StringClass\DemoProject\src\test\resources
2023-04-06 09:39:38,745 [Worker-56: Download sources and javadoc] INFO  o.e.m.c.i.e.AbstractTransferListenerAdapter - Downloading https://repo.maven.apache.org/maven2/org/testng/testng/7.7.1/testng-7.7.1-sources.jar
2023-04-06 09:39:38,799 [Worker-54: Building] INFO  o.e.m.c.i.embedder.EclipseLogger - Using 'UTF-8' encoding to copy filtered resources.
2023-04-06 09:39:38,799 [Worker-54: Building] INFO  o.e.m.c.i.embedder.EclipseLogger - skip non existing resourceDirectory C:\ExampleString\StringClass\DemoProject\src\main\resources
2023-04-06 09:39:38,810 [Worker-54: Building] INFO  o.e.m.c.i.embedder.EclipseLogger - Using 'UTF-8' encoding to copy filtered resources.
2023-04-06 09:39:38,810 [Worker-54: Building] INFO  o.e.m.c.i.embedder.EclipseLogger - skip non existing resourceDirectory C:\ExampleString\StringClass\DemoProject\src\test\resources
2023-04-06 09:39:39,070 [Worker-56: Download sources and javadoc] INFO  o.e.m.c.i.e.AbstractTransferListenerAdapter - Downloaded https://repo.maven.apache.org/maven2/org/testng/testng/7.7.1/testng-7.7.1-sources.jar
2023-04-06 09:39:39,075 [Worker-56: Download sources and javadoc] INFO  o.e.m.j.internal.DownloadSourcesJob - Downloaded sources for org.testng:testng:7.7.1
2023-04-06 09:39:39,136 [Worker-56: Download sources and javadoc] INFO  o.e.m.c.i.e.AbstractTransferListenerAdapter - Downloading https://repo.maven.apache.org/maven2/org/webjars/jquery/3.6.1/jquery-3.6.1-sources.jar
2023-04-06 09:39:39,259 [Worker-56: Download sources and javadoc] INFO  o.e.m.c.i.e.AbstractTransferListenerAdapter - Downloaded https://repo.maven.apache.org/maven2/org/webjars/jquery/3.6.1/jquery-3.6.1-sources.jar
2023-04-06 09:39:39,264 [Worker-56: Download sources and javadoc] INFO  o.e.m.j.internal.DownloadSourcesJob - Downloaded sources for org.webjars:jquery:3.6.1
2023-04-06 09:39:40,245 [Worker-56: Building] INFO  o.e.m.c.i.embedder.EclipseLogger - Using 'UTF-8' encoding to copy filtered resources.
2023-04-06 09:39:40,245 [Worker-56: Building] INFO  o.e.m.c.i.embedder.EclipseLogger - skip non existing resourceDirectory C:\ExampleString\StringClass\DemoProject\src\main\resources
2023-04-06 09:39:40,250 [Worker-56: Building] INFO  o.e.m.c.i.embedder.EclipseLogger - Using 'UTF-8' encoding to copy filtered resources.
2023-04-06 09:39:40,250 [Worker-56: Building] INFO  o.e.m.c.i.embedder.EclipseLogger - skip non existing resourceDirectory C:\ExampleString\StringClass\DemoProject\src\test\resources
2023-04-06 09:41:04,672 [Worker-48: Building] INFO  o.e.m.c.i.l.LifecycleMappingFactory - Using org.eclipse.m2e.jdt.JarLifecycleMapping lifecycle mapping for MavenProject: com.sgtesting.tests:DemoProject:0.0.1-SNAPSHOT @ C:\ExampleString\StringClass\DemoProject\pom.xml.
2023-04-06 09:41:04,929 [Worker-48: Building] INFO  o.e.m.c.i.embedder.EclipseLogger - Using 'UTF-8' encoding to copy filtered resources.
2023-04-06 09:41:04,929 [Worker-48: Building] INFO  o.e.m.c.i.embedder.EclipseLogger - skip non existing resourceDirectory C:\ExampleString\StringClass\DemoProject\src\main\resources
2023-04-06 09:41:04,934 [Worker-48: Building] INFO  o.e.m.c.i.embedder.EclipseLogger - Using 'UTF-8' encoding to copy filtered resources.
2023-04-06 09:41:04,934 [Worker-48: Building] INFO  o.e.m.c.i.embedder.EclipseLogger - skip non existing resourceDirectory C:\ExampleString\StringClass\DemoProject\src\test\resources
2023-04-06 09:48:10,628 [Worker-58: Building] INFO  o.e.m.c.i.l.LifecycleMappingFactory - Using org.eclipse.m2e.jdt.JarLifecycleMapping lifecycle mapping for MavenProject: com.sgtesting.tests:DemoProject:0.0.1-SNAPSHOT @ C:\ExampleString\StringClass\DemoProject\pom.xml.
2023-04-06 09:48:11,194 [Worker-58: Building] INFO  o.e.m.c.i.embedder.EclipseLogger - Using 'UTF-8' encoding to copy filtered resources.
2023-04-06 09:48:11,195 [Worker-58: Building] INFO  o.e.m.c.i.embedder.EclipseLogger - skip non existing resourceDirectory C:\ExampleString\StringClass\DemoProject\src\main\resources
2023-04-06 09:48:11,200 [Worker-58: Building] INFO  o.e.m.c.i.embedder.EclipseLogger - Using 'UTF-8' encoding to copy filtered resources.
2023-04-06 09:48:11,200 [Worker-58: Building] INFO  o.e.m.c.i.embedder.EclipseLogger - skip non existing resourceDirectory C:\ExampleString\StringClass\DemoProject\src\test\resources
2023-04-06 09:48:24,233 [Worker-59: Launching Executing test in C__ExampleString_StringClass_DemoProject] INFO  o.e.m.i.launch.MavenLaunchDelegate - Run build in "C:\ExampleString\StringClass\DemoProject":
2023-04-06 09:48:24,234 [Worker-59: Launching Executing test in C__ExampleString_StringClass_DemoProject] INFO  o.e.m.i.launch.MavenLaunchDelegate -  mvn  -B -Dstyle.color=always test
2023-04-06 09:49:55,565 [Worker-51: Building] INFO  o.e.m.c.i.l.LifecycleMappingFactory - Using org.eclipse.m2e.jdt.JarLifecycleMapping lifecycle mapping for MavenProject: com.sgtesting.tests:DemoProject:0.0.1-SNAPSHOT @ C:\ExampleString\StringClass\DemoProject\pom.xml.
2023-04-06 09:49:55,811 [Worker-51: Building] INFO  o.e.m.c.i.embedder.EclipseLogger - Using 'UTF-8' encoding to copy filtered resources.
2023-04-06 09:49:55,811 [Worker-51: Building] INFO  o.e.m.c.i.embedder.EclipseLogger - skip non existing resourceDirectory C:\ExampleString\StringClass\DemoProject\src\main\resources
2023-04-06 09:49:55,819 [Worker-51: Building] INFO  o.e.m.c.i.embedder.EclipseLogger - Using 'UTF-8' encoding to copy filtered resources.
2023-04-06 09:49:55,819 [Worker-51: Building] INFO  o.e.m.c.i.embedder.EclipseLogger - skip non existing resourceDirectory C:\ExampleString\StringClass\DemoProject\src\test\resources
2023-04-06 09:50:07,136 [Worker-60: Launching Executing test in C__ExampleString_StringClass_DemoProject] INFO  o.e.m.i.launch.MavenLaunchDelegate - Run build in "C:\ExampleString\StringClass\DemoProject":
2023-04-06 09:50:07,137 [Worker-60: Launching Executing test in C__ExampleString_StringClass_DemoProject] INFO  o.e.m.i.launch.MavenLaunchDelegate -  mvn  -B -Dstyle.color=always test
2023-04-11 09:37:18,891 [Worker-1: Loading available Gradle versions] INFO  o.e.b.c.i.u.g.PublishedGradleVersions - Gradle version information cache is up-to-date. Trying to read.
